<?xml version="1.0" encoding="UTF-8"?>
<!-- Generated by org.testng.reporters.JUnitXMLReporter -->
<testsuite hostname="BLRCND52101569" ignored="2" name="test" tests="1" failures="0" timestamp="13 Jan 2021 07:22:47 GMT" time="54.999" errors="0">
  <testcase name="TC_2_SignUpPage" time="54.964" classname="ToolsQA.Anthem_LoginTestScenarios"/>
  <testcase name="TC_3_PlaceNewOrderForBulk" time="0.0" classname="ToolsQA.Anthem_LoginTestScenarios">
    <ignored/>
  </testcase> <!-- TC_3_PlaceNewOrderForBulk -->
  <testcase name="TC_1_VerifyHomePageLoaded" time="0.0" classname="ToolsQA.Anthem_LoginTestScenarios">
    <ignored/>
  </testcase> <!-- TC_1_VerifyHomePageLoaded -->
</testsuite> <!-- test -->
