<?xml version="1.0" encoding="UTF-8"?>
<!-- Generated by org.testng.reporters.JUnitXMLReporter -->
<testsuite hostname="BLRCND52101569" ignored="1" name="Test" tests="1" failures="1" timestamp="30 Sep 2020 10:16:13 GMT" time="0.037" errors="0">
  <testcase name="TC_2_SignUpPage" time="0.012" classname="ToolsQA.Anthem_LoginTestScenarios">
    <failure type="java.io.FileNotFoundException" message="C:\E2EProject\src\main\java\ToolsQA\data.Properties (The system cannot find the path specified)">
      <![CDATA[java.io.FileNotFoundException: C:\E2EProject\src\main\java\ToolsQA\data.Properties (The system cannot find the path specified)
	at java.io.FileInputStream.open0(Native Method)
	at java.io.FileInputStream.open(Unknown Source)
	at java.io.FileInputStream.<init>(Unknown Source)
	at java.io.FileInputStream.<init>(Unknown Source)
	at ToolsQA.baseclass.initializebrowsers(baseclass.java:21)
	at ToolsQA.Anthem_LoginTestScenarios.TC_2_SignUpPage(Anthem_LoginTestScenarios.java:40)
... Removed 25 stack frames]]>
    </failure>
  </testcase> <!-- TC_2_SignUpPage -->
  <testcase name="TC_1_VerifyLoginPage" time="0.0" classname="ToolsQA.Anthem_LoginTestScenarios">
    <ignored/>
  </testcase> <!-- TC_1_VerifyLoginPage -->
</testsuite> <!-- Test -->
